Determining if the pthread_create exist failed with the following output:
Change Dir: /home/student/sandwich_ws/build/sandwich_robot/CMakeFiles/CMakeTmp

Run Build Command:"/usr/bin/make" "cmTC_77f6a/fast"
/usr/bin/make -f CMakeFiles/cmTC_77f6a.dir/build.make CMakeFiles/cmTC_77f6a.dir/build
make[1]: Entering directory '/home/student/sandwich_ws/build/sandwich_robot/CMakeFiles/CMakeTmp'
Building C object CMakeFiles/cmTC_77f6a.dir/CheckSymbolExists.c.o
/usr/bin/cc    -o CMakeFiles/cmTC_77f6a.dir/CheckSymbolExists.c.o   -c /home/student/sandwich_ws/build/sandwich_robot/CMakeFiles/CMakeTmp/CheckSymbolExists.c
Linking C executable cmTC_77f6a
/usr/bin/cmake -E cmake_link_script CMakeFiles/cmTC_77f6a.dir/link.txt --verbose=1
/usr/bin/cc      -rdynamic CMakeFiles/cmTC_77f6a.dir/CheckSymbolExists.c.o  -o cmTC_77f6a 
CMakeFiles/cmTC_77f6a.dir/CheckSymbolExists.c.o: In function `main':
CheckSymbolExists.c:(.text+0x1b): undefined reference to `pthread_create'
collect2: error: ld returned 1 exit status
CMakeFiles/cmTC_77f6a.dir/build.make:97: recipe for target 'cmTC_77f6a' failed
make[1]: *** [cmTC_77f6a] Error 1
make[1]: Leaving directory '/home/student/sandwich_ws/build/sandwich_robot/CMakeFiles/CMakeTmp'
Makefile:126: recipe for target 'cmTC_77f6a/fast' failed
make: *** [cmTC_77f6a/fast] Error 2

File /home/student/sandwich_ws/build/sandwich_robot/CMakeFiles/CMakeTmp/CheckSymbolExists.c:
/* */
#include <pthread.h>

int main(int argc, char** argv)
{
  (void)argv;
#ifndef pthread_create
  return ((int*)(&pthread_create))[argc];
#else
  (void)argc;
  return 0;
#endif
}

Determining if the function pthread_create exists in the pthreads failed with the following output:
Change Dir: /home/student/sandwich_ws/build/sandwich_robot/CMakeFiles/CMakeTmp

Run Build Command:"/usr/bin/make" "cmTC_b0ca3/fast"
/usr/bin/make -f CMakeFiles/cmTC_b0ca3.dir/build.make CMakeFiles/cmTC_b0ca3.dir/build
make[1]: Entering directory '/home/student/sandwich_ws/build/sandwich_robot/CMakeFiles/CMakeTmp'
Building C object CMakeFiles/cmTC_b0ca3.dir/CheckFunctionExists.c.o
/usr/bin/cc   -DCHECK_FUNCTION_EXISTS=pthread_create   -o CMakeFiles/cmTC_b0ca3.dir/CheckFunctionExists.c.o   -c /usr/share/cmake-3.10/Modules/CheckFunctionExists.c
Linking C executable cmTC_b0ca3
/usr/bin/cmake -E cmake_link_script CMakeFiles/cmTC_b0ca3.dir/link.txt --verbose=1
/usr/bin/cc  -DCHECK_FUNCTION_EXISTS=pthread_create    -rdynamic CMakeFiles/cmTC_b0ca3.dir/CheckFunctionExists.c.o  -o cmTC_b0ca3 -lpthreads 
/usr/bin/ld: cannot find -lpthreads
collect2: error: ld returned 1 exit status
CMakeFiles/cmTC_b0ca3.dir/build.make:97: recipe for target 'cmTC_b0ca3' failed
make[1]: *** [cmTC_b0ca3] Error 1
make[1]: Leaving directory '/home/student/sandwich_ws/build/sandwich_robot/CMakeFiles/CMakeTmp'
Makefile:126: recipe for target 'cmTC_b0ca3/fast' failed
make: *** [cmTC_b0ca3/fast] Error 2


