[35m[1mScanning dependencies of target std_msgs_generate_messages_nodejs[0m
[35m[1mScanning dependencies of target _sandwich_robot_generate_messages_check_deps_object_pose[0m
[35m[1mScanning dependencies of target std_msgs_generate_messages_eus[0m
[35m[1mScanning dependencies of target std_msgs_generate_messages_py[0m
[35m[1mScanning dependencies of target std_msgs_generate_messages_cpp[0m
[35m[1mScanning dependencies of target std_msgs_generate_messages_lisp[0m
[  0%] Built target std_msgs_generate_messages_nodejs
[  0%] Built target std_msgs_generate_messages_eus
[  0%] Built target std_msgs_generate_messages_py
[  0%] Built target std_msgs_generate_messages_cpp
[  0%] Built target std_msgs_generate_messages_lisp
[  0%] Built target _sandwich_robot_generate_messages_check_deps_object_pose
[35m[1mScanning dependencies of target sandwich_robot_generate_messages_py[0m
[35m[1mScanning dependencies of target sandwich_robot_generate_messages_nodejs[0m
[35m[1mScanning dependencies of target sandwich_robot_generate_messages_cpp[0m
[35m[1mScanning dependencies of target sandwich_robot_generate_messages_eus[0m
[35m[1mScanning dependencies of target sandwich_robot_generate_messages_lisp[0m
[ 71%] [34m[1mGenerating EusLisp manifest code for sandwich_robot[0m
[ 71%] [34m[1mGenerating Python from MSG sandwich_robot/object_pose[0m
[ 71%] [34m[1mGenerating Lisp code from sandwich_robot/object_pose.msg[0m
[ 71%] [34m[1mGenerating Javascript code from sandwich_robot/object_pose.msg[0m
[ 71%] [34m[1mGenerating EusLisp code from sandwich_robot/object_pose.msg[0m
[ 85%] [34m[1mGenerating C++ code from sandwich_robot/object_pose.msg[0m
[ 85%] Built target sandwich_robot_generate_messages_nodejs
[ 85%] Built target sandwich_robot_generate_messages_lisp
[100%] [34m[1mGenerating Python msg __init__.py for sandwich_robot[0m
[100%] Built target sandwich_robot_generate_messages_cpp
[100%] Built target sandwich_robot_generate_messages_py
[100%] Built target sandwich_robot_generate_messages_eus
[35m[1mScanning dependencies of target sandwich_robot_generate_messages[0m
[100%] Built target sandwich_robot_generate_messages
